<?xml version="1.0" encoding="UTF-8"?>
<testsuite name="tests.Properties.SystemPropertiesTests" tests="1" skipped="0" failures="0" errors="0" timestamp="2023-01-28T15:50:13" hostname="Almass-MacBook.local" time="0.211">
  <properties/>
  <testcase name="simplePropertyTest()" classname="tests.Properties.SystemPropertiesTests" time="0.211"/>
  <system-out><![CDATA[opera
]]></system-out>
  <system-err><![CDATA[]]></system-err>
</testsuite>
